# JRE version: OpenJDK Runtime Environment Temurin-21.0.10+7 (21.0.10+7) (build 21.0.10+7-LTS)
# Java VM: OpenJDK 64-Bit Server VM Temurin-21.0.10+7 (21.0.10+7-LTS, mixed mode, sharing, tiered, compressed oops, compressed class ptrs, parallel gc, windows-amd64)
GC Precious Log:
 CardTable entry size: 512
 CPUs: 4 total, 4 available
 Memory: 8106M
 Large Page Support: Disabled
 NUMA Support: Disabled
 Compressed Oops: Enabled (32-bit)
 Alignments: Space 512K, Generation 512K, Heap 2M
 Heap Min Capacity: 100M
 Heap Initial Capacity: 100M
 Heap Max Capacity: 2G
 Pre-touch: Disabled
 Parallel Workers: 4
Heap:
 PSYoungGen      total 15872K, used 12078K [0x00000000d5580000, 0x00000000d6900000, 0x0000000100000000)
  eden space 14848K, 76% used [0x00000000d5580000,0x00000000d609d820,0x00000000d6400000)
  from space 1024K, 68% used [0x00000000d6800000,0x00000000d68ae1a8,0x00000000d6900000)
  to   space 1024K, 0% used [0x00000000d6700000,0x00000000d6700000,0x00000000d6800000)
 ParOldGen       total 68608K, used 46489K [0x0000000080000000, 0x0000000084300000, 0x00000000d5580000)
  object space 68608K, 67% used [0x0000000080000000,0x0000000082d66520,0x0000000084300000)
 Metaspace       used 70359K, committed 71936K, reserved 1114112K
  class space    used 8843K, committed 9600K, reserved 1048576K
GC Heap History (20 events):
Event: 65.826 GC heap before
{Heap before GC invocations=48 (full 3):
 PSYoungGen      total 15360K, used 15359K [0x00000000d5580000, 0x00000000d6980000, 0x0000000100000000)
  eden space 14848K, 100% used [0x00000000d5580000,0x00000000d6400000,0x00000000d6400000)
  from space 512K, 99% used [0x00000000d6900000,0x00000000d697ffb8,0x00000000d6980000)
  to   space 1024K, 0% used [0x00000000d6780000,0x00000000d6780000,0x00000000d6880000)
 ParOldGen       total 68608K, used 43871K [0x0000000080000000, 0x0000000084300000, 0x00000000d5580000)
  object space 68608K, 63% used [0x0000000080000000,0x0000000082ad7ef8,0x0000000084300000)
 Metaspace       used 63987K, committed 65216K, reserved 1114112K
  class space    used 8019K, committed 8576K, reserved 1048576K
}
Event: 65.826 GC heap after
{Heap after GC invocations=48 (full 3):
 PSYoungGen      total 15872K, used 887K [0x00000000d5580000, 0x00000000d6980000, 0x0000000100000000)
  eden space 14848K, 0% used [0x00000000d5580000,0x00000000d5580000,0x00000000d6400000)
  from space 1024K, 86% used [0x00000000d6780000,0x00000000d685ddf0,0x00000000d6880000)
  to   space 1024K, 0% used [0x00000000d6880000,0x00000000d6880000,0x00000000d6980000)
 ParOldGen       total 68608K, used 43919K [0x0000000080000000, 0x0000000084300000, 0x00000000d5580000)
  object space 68608K, 64% used [0x0000000080000000,0x0000000082ae3f08,0x0000000084300000)
 Metaspace       used 63987K, committed 65216K, reserved 1114112K
  class space    used 8019K, committed 8576K, reserved 1048576K
}
Event: 65.910 GC heap before
{Heap before GC invocations=49 (full 3):
 PSYoungGen      total 15872K, used 15712K [0x00000000d5580000, 0x00000000d6980000, 0x0000000100000000)
  eden space 14848K, 99% used [0x00000000d5580000,0x00000000d63fa580,0x00000000d6400000)
  from space 1024K, 86% used [0x00000000d6780000,0x00000000d685ddf0,0x00000000d6880000)
  to   space 1024K, 0% used [0x00000000d6880000,0x00000000d6880000,0x00000000d6980000)
 ParOldGen       total 68608K, used 43919K [0x0000000080000000, 0x0000000084300000, 0x00000000d5580000)
  object space 68608K, 64% used [0x0000000080000000,0x0000000082ae3f08,0x0000000084300000)
 Metaspace       used 63987K, committed 65216K, reserved 1114112K
  class space    used 8019K, committed 8576K, reserved 1048576K
}
Event: 65.911 GC heap after
{Heap after GC invocations=49 (full 3):
 PSYoungGen      total 15360K, used 197K [0x00000000d5580000, 0x00000000d6900000, 0x0000000100000000)
  eden space 14848K, 0% used [0x00000000d5580000,0x00000000d5580000,0x00000000d6400000)
  from space 512K, 38% used [0x00000000d6880000,0x00000000d68b14e8,0x00000000d6900000)
  to   space 512K, 0% used [0x00000000d6800000,0x00000000d6800000,0x00000000d6880000)
 ParOldGen       total 68608K, used 43959K [0x0000000080000000, 0x0000000084300000, 0x00000000d5580000)
  object space 68608K, 64% used [0x0000000080000000,0x0000000082aedf08,0x0000000084300000)
 Metaspace       used 63987K, committed 65216K, reserved 1114112K
  class space    used 8019K, committed 8576K, reserved 1048576K
}
Event: 65.989 GC heap before
{Heap before GC invocations=50 (full 3):
 PSYoungGen      total 15360K, used 15045K [0x00000000d5580000, 0x00000000d6900000, 0x0000000100000000)
  eden space 14848K, 100% used [0x00000000d5580000,0x00000000d6400000,0x00000000d6400000)
  from space 512K, 38% used [0x00000000d6880000,0x00000000d68b14e8,0x00000000d6900000)
  to   space 512K, 0% used [0x00000000d6800000,0x00000000d6800000,0x00000000d6880000)
 ParOldGen       total 68608K, used 43959K [0x0000000080000000, 0x0000000084300000, 0x00000000d5580000)
  object space 68608K, 64% used [0x0000000080000000,0x0000000082aedf08,0x0000000084300000)
 Metaspace       used 63987K, committed 65216K, reserved 1114112K
  class space    used 8019K, committed 8576K, reserved 1048576K
}
Event: 65.990 GC heap after
{Heap after GC invocations=50 (full 3):
 PSYoungGen      total 15360K, used 484K [0x00000000d5580000, 0x00000000d6900000, 0x0000000100000000)
  eden space 14848K, 0% used [0x00000000d5580000,0x00000000d5580000,0x00000000d6400000)
  from space 512K, 94% used [0x00000000d6800000,0x00000000d6879038,0x00000000d6880000)
  to   space 512K, 0% used [0x00000000d6880000,0x00000000d6880000,0x00000000d6900000)
 ParOldGen       total 68608K, used 44469K [0x0000000080000000, 0x0000000084300000, 0x00000000d5580000)
  object space 68608K, 64% used [0x0000000080000000,0x0000000082b6d448,0x0000000084300000)
 Metaspace       used 63987K, committed 65216K, reserved 1114112K
  class space    used 8019K, committed 8576K, reserved 1048576K
}
Event: 66.091 GC heap before
{Heap before GC invocations=51 (full 3):
 PSYoungGen      total 15360K, used 15332K [0x00000000d5580000, 0x00000000d6900000, 0x0000000100000000)
  eden space 14848K, 100% used [0x00000000d5580000,0x00000000d6400000,0x00000000d6400000)
  from space 512K, 94% used [0x00000000d6800000,0x00000000d6879038,0x00000000d6880000)
  to   space 512K, 0% used [0x00000000d6880000,0x00000000d6880000,0x00000000d6900000)
 ParOldGen       total 68608K, used 44469K [0x0000000080000000, 0x0000000084300000, 0x00000000d5580000)
  object space 68608K, 64% used [0x0000000080000000,0x0000000082b6d448,0x0000000084300000)
 Metaspace       used 63987K, committed 65216K, reserved 1114112K
  class space    used 8019K, committed 8576K, reserved 1048576K
}
Event: 66.092 GC heap after
{Heap after GC invocations=51 (full 3):
 PSYoungGen      total 15360K, used 511K [0x00000000d5580000, 0x00000000d6900000, 0x0000000100000000)
  eden space 14848K, 0% used [0x00000000d5580000,0x00000000d5580000,0x00000000d6400000)
  from space 512K, 99% used [0x00000000d6880000,0x00000000d68fffa8,0x00000000d6900000)
  to   space 1024K, 0% used [0x00000000d6700000,0x00000000d6700000,0x00000000d6800000)
 ParOldGen       total 68608K, used 44668K [0x0000000080000000, 0x0000000084300000, 0x00000000d5580000)
  object space 68608K, 65% used [0x0000000080000000,0x0000000082b9f228,0x0000000084300000)
 Metaspace       used 63987K, committed 65216K, reserved 1114112K
  class space    used 8019K, committed 8576K, reserved 1048576K
}
Event: 66.161 GC heap before
{Heap before GC invocations=52 (full 3):
 PSYoungGen      total 15360K, used 15359K [0x00000000d5580000, 0x00000000d6900000, 0x0000000100000000)
  eden space 14848K, 100% used [0x00000000d5580000,0x00000000d6400000,0x00000000d6400000)
  from space 512K, 99% used [0x00000000d6880000,0x00000000d68fffa8,0x00000000d6900000)
  to   space 1024K, 0% used [0x00000000d6700000,0x00000000d6700000,0x00000000d6800000)
 ParOldGen       total 68608K, used 44668K [0x0000000080000000, 0x0000000084300000, 0x00000000d5580000)
  object space 68608K, 65% used [0x0000000080000000,0x0000000082b9f228,0x0000000084300000)
 Metaspace       used 63998K, committed 65216K, reserved 1114112K
  class space    used 8022K, committed 8576K, reserved 1048576K
}
Event: 66.161 GC heap after
{Heap after GC invocations=52 (full 3):
 PSYoungGen      total 15872K, used 128K [0x00000000d5580000, 0x00000000d6900000, 0x0000000100000000)
  eden space 14848K, 0% used [0x00000000d5580000,0x00000000d5580000,0x00000000d6400000)
  from space 1024K, 12% used [0x00000000d6700000,0x00000000d6720000,0x00000000d6800000)
  to   space 512K, 0% used [0x00000000d6880000,0x00000000d6880000,0x00000000d6900000)
 ParOldGen       total 68608K, used 44732K [0x0000000080000000, 0x0000000084300000, 0x00000000d5580000)
  object space 68608K, 65% used [0x0000000080000000,0x0000000082baf238,0x0000000084300000)
 Metaspace       used 63998K, committed 65216K, reserved 1114112K
  class space    used 8022K, committed 8576K, reserved 1048576K
}
Event: 66.398 GC heap before
{Heap before GC invocations=53 (full 3):
 PSYoungGen      total 15872K, used 14976K [0x00000000d5580000, 0x00000000d6900000, 0x0000000100000000)
  eden space 14848K, 100% used [0x00000000d5580000,0x00000000d6400000,0x00000000d6400000)
  from space 1024K, 12% used [0x00000000d6700000,0x00000000d6720000,0x00000000d6800000)
  to   space 512K, 0% used [0x00000000d6880000,0x00000000d6880000,0x00000000d6900000)
 ParOldGen       total 68608K, used 44732K [0x0000000080000000, 0x0000000084300000, 0x00000000d5580000)
  object space 68608K, 65% used [0x0000000080000000,0x0000000082baf238,0x0000000084300000)
 Metaspace       used 65607K, committed 67072K, reserved 1114112K
  class space    used 8280K, committed 8960K, reserved 1048576K
}
Event: 66.400 GC heap after
{Heap after GC invocations=53 (full 3):
 PSYoungGen      total 15360K, used 496K [0x00000000d5580000, 0x00000000d6900000, 0x0000000100000000)
  eden space 14848K, 0% used [0x00000000d5580000,0x00000000d5580000,0x00000000d6400000)
  from space 512K, 96% used [0x00000000d6880000,0x00000000d68fc010,0x00000000d6900000)
  to   space 1024K, 0% used [0x00000000d6700000,0x00000000d6700000,0x00000000d6800000)
 ParOldGen       total 68608K, used 44780K [0x0000000080000000, 0x0000000084300000, 0x00000000d5580000)
  object space 68608K, 65% used [0x0000000080000000,0x0000000082bbb238,0x0000000084300000)
 Metaspace       used 65607K, committed 67072K, reserved 1114112K
  class space    used 8280K, committed 8960K, reserved 1048576K
}
Event: 70.866 GC heap before
{Heap before GC invocations=54 (full 3):
 PSYoungGen      total 15360K, used 15344K [0x00000000d5580000, 0x00000000d6900000, 0x0000000100000000)
  eden space 14848K, 100% used [0x00000000d5580000,0x00000000d6400000,0x00000000d6400000)
  from space 512K, 96% used [0x00000000d6880000,0x00000000d68fc010,0x00000000d6900000)
  to   space 1024K, 0% used [0x00000000d6700000,0x00000000d6700000,0x00000000d6800000)
 ParOldGen       total 68608K, used 44780K [0x0000000080000000, 0x0000000084300000, 0x00000000d5580000)
  object space 68608K, 65% used [0x0000000080000000,0x0000000082bbb238,0x0000000084300000)
 Metaspace       used 67089K, committed 68480K, reserved 1114112K
  class space    used 8485K, committed 9152K, reserved 1048576K
}
Event: 70.868 GC heap after
{Heap after GC invocations=54 (full 3):
 PSYoungGen      total 15872K, used 352K [0x00000000d5580000, 0x00000000d6900000, 0x0000000100000000)
  eden space 14848K, 0% used [0x00000000d5580000,0x00000000d5580000,0x00000000d6400000)
  from space 1024K, 34% used [0x00000000d6700000,0x00000000d6758010,0x00000000d6800000)
  to   space 512K, 0% used [0x00000000d6880000,0x00000000d6880000,0x00000000d6900000)
 ParOldGen       total 68608K, used 45283K [0x0000000080000000, 0x0000000084300000, 0x00000000d5580000)
  object space 68608K, 66% used [0x0000000080000000,0x0000000082c38f48,0x0000000084300000)
 Metaspace       used 67089K, committed 68480K, reserved 1114112K
  class space    used 8485K, committed 9152K, reserved 1048576K
}
Event: 79.268 GC heap before
{Heap before GC invocations=55 (full 3):
 PSYoungGen      total 15872K, used 15185K [0x00000000d5580000, 0x00000000d6900000, 0x0000000100000000)
  eden space 14848K, 99% used [0x00000000d5580000,0x00000000d63fc5a0,0x00000000d6400000)
  from space 1024K, 34% used [0x00000000d6700000,0x00000000d6758010,0x00000000d6800000)
  to   space 512K, 0% used [0x00000000d6880000,0x00000000d6880000,0x00000000d6900000)
 ParOldGen       total 68608K, used 45283K [0x0000000080000000, 0x0000000084300000, 0x00000000d5580000)
  object space 68608K, 66% used [0x0000000080000000,0x0000000082c38f48,0x0000000084300000)
 Metaspace       used 68199K, committed 69696K, reserved 1114112K
  class space    used 8615K, committed 9280K, reserved 1048576K
}
Event: 79.269 GC heap after
{Heap after GC invocations=55 (full 3):
 PSYoungGen      total 15360K, used 512K [0x00000000d5580000, 0x00000000d6900000, 0x0000000100000000)
  eden space 14848K, 0% used [0x00000000d5580000,0x00000000d5580000,0x00000000d6400000)
  from space 512K, 100% used [0x00000000d6880000,0x00000000d6900000,0x00000000d6900000)
  to   space 1536K, 0% used [0x00000000d6600000,0x00000000d6600000,0x00000000d6780000)
 ParOldGen       total 68608K, used 45755K [0x0000000080000000, 0x0000000084300000, 0x00000000d5580000)
  object space 68608K, 66% used [0x0000000080000000,0x0000000082caef78,0x0000000084300000)
 Metaspace       used 68199K, committed 69696K, reserved 1114112K
  class space    used 8615K, committed 9280K, reserved 1048576K
}
Event: 87.895 GC heap before
{Heap before GC invocations=56 (full 3):
 PSYoungGen      total 15360K, used 15360K [0x00000000d5580000, 0x00000000d6900000, 0x0000000100000000)
  eden space 14848K, 100% used [0x00000000d5580000,0x00000000d6400000,0x00000000d6400000)
  from space 512K, 100% used [0x00000000d6880000,0x00000000d6900000,0x00000000d6900000)
  to   space 1536K, 0% used [0x00000000d6600000,0x00000000d6600000,0x00000000d6780000)
 ParOldGen       total 68608K, used 45755K [0x0000000080000000, 0x0000000084300000, 0x00000000d5580000)
  object space 68608K, 66% used [0x0000000080000000,0x0000000082caef78,0x0000000084300000)
 Metaspace       used 68376K, committed 69824K, reserved 1114112K
  class space    used 8632K, committed 9280K, reserved 1048576K
}
Event: 87.900 GC heap after
{Heap after GC invocations=56 (full 3):
 PSYoungGen      total 16384K, used 511K [0x00000000d5580000, 0x00000000d6900000, 0x0000000100000000)
  eden space 14848K, 0% used [0x00000000d5580000,0x00000000d5580000,0x00000000d6400000)
  from space 1536K, 33% used [0x00000000d6600000,0x00000000d667fd30,0x00000000d6780000)
  to   space 1024K, 0% used [0x00000000d6800000,0x00000000d6800000,0x00000000d6900000)
 ParOldGen       total 68608K, used 46265K [0x0000000080000000, 0x0000000084300000, 0x00000000d5580000)
  object space 68608K, 67% used [0x0000000080000000,0x0000000082d2e520,0x0000000084300000)
 Metaspace       used 68376K, committed 69824K, reserved 1114112K
  class space    used 8632K, committed 9280K, reserved 1048576K
}
Event: 88.591 GC heap before
{Heap before GC invocations=57 (full 3):
 PSYoungGen      total 16384K, used 15359K [0x00000000d5580000, 0x00000000d6900000, 0x0000000100000000)
  eden space 14848K, 100% used [0x00000000d5580000,0x00000000d6400000,0x00000000d6400000)
  from space 1536K, 33% used [0x00000000d6600000,0x00000000d667fd30,0x00000000d6780000)
  to   space 1024K, 0% used [0x00000000d6800000,0x00000000d6800000,0x00000000d6900000)
 ParOldGen       total 68608K, used 46265K [0x0000000080000000, 0x0000000084300000, 0x00000000d5580000)
  object space 68608K, 67% used [0x0000000080000000,0x0000000082d2e520,0x0000000084300000)
 Metaspace       used 69442K, committed 70976K, reserved 1114112K
  class space    used 8736K, committed 9408K, reserved 1048576K
}
Event: 88.592 GC heap after
{Heap after GC invocations=57 (full 3):
 PSYoungGen      total 15872K, used 696K [0x00000000d5580000, 0x00000000d6900000, 0x0000000100000000)
  eden space 14848K, 0% used [0x00000000d5580000,0x00000000d5580000,0x00000000d6400000)
  from space 1024K, 68% used [0x00000000d6800000,0x00000000d68ae1a8,0x00000000d6900000)
  to   space 1024K, 0% used [0x00000000d6700000,0x00000000d6700000,0x00000000d6800000)
 ParOldGen       total 68608K, used 46489K [0x0000000080000000, 0x0000000084300000, 0x00000000d5580000)
  object space 68608K, 67% used [0x0000000080000000,0x0000000082d66520,0x0000000084300000)
 Metaspace       used 69442K, committed 70976K, reserved 1114112K
  class space    used 8736K, committed 9408K, reserved 1048576K
}

